{
  "date": "Thu Oct 26 2017 00:08:44 GMT+0800 (CST)",
  "process": {
    "pid": 42066,
    "uid": 501,
    "gid": 20,
    "cwd": "/Users/zengtiansheng/Documents/qtshe/gitStore/node-yqy",
    "execPath": "/usr/local/bin/node",
    "version": "v8.2.1",
    "argv": [
      "/usr/local/bin/node",
      "/usr/local/lib/node_modules/pm2/lib/ProcessContainerFork.js"
    ],
    "memoryUsage": {
      "rss": 92770304,
      "heapTotal": 67080192,
      "heapUsed": 41011136,
      "external": 19105076
    }
  },
  "os": {
    "loadavg": [
      2.3974609375,
      4.35498046875,
      6.30126953125
    ],
    "uptime": 29897
  },
  "trace": [
    {
      "column": null,
      "file": null,
      "function": "JSON.parse",
      "line": null,
      "method": "parse",
      "native": false
    },
    {
      "column": 10,
      "file": "/Users/zengtiansheng/Documents/qtshe/gitStore/node-yqy/node_modules/_body-parser@1.18.2@body-parser/lib/types/json.js",
      "function": "createStrictSyntaxError",
      "line": 157,
      "method": null,
      "native": false
    },
    {
      "column": 15,
      "file": "/Users/zengtiansheng/Documents/qtshe/gitStore/node-yqy/node_modules/_body-parser@1.18.2@body-parser/lib/types/json.js",
      "function": "parse",
      "line": 83,
      "method": null,
      "native": false
    },
    {
      "column": 18,
      "file": "/Users/zengtiansheng/Documents/qtshe/gitStore/node-yqy/node_modules/_body-parser@1.18.2@body-parser/lib/read.js",
      "function": null,
      "line": 121,
      "method": null,
      "native": false
    },
    {
      "column": 16,
      "file": "/Users/zengtiansheng/Documents/qtshe/gitStore/node-yqy/node_modules/_raw-body@2.3.2@raw-body/index.js",
      "function": "invokeCallback",
      "line": 224,
      "method": null,
      "native": false
    },
    {
      "column": 7,
      "file": "/Users/zengtiansheng/Documents/qtshe/gitStore/node-yqy/node_modules/_raw-body@2.3.2@raw-body/index.js",
      "function": "done",
      "line": 213,
      "method": null,
      "native": false
    },
    {
      "column": 7,
      "file": "/Users/zengtiansheng/Documents/qtshe/gitStore/node-yqy/node_modules/_raw-body@2.3.2@raw-body/index.js",
      "function": "IncomingMessage.onEnd",
      "line": 273,
      "method": "onEnd",
      "native": false
    },
    {
      "column": 13,
      "file": "events.js",
      "function": "emitNone",
      "line": 105,
      "method": null,
      "native": false
    },
    {
      "column": 7,
      "file": "events.js",
      "function": "IncomingMessage.emit",
      "line": 207,
      "method": "emit",
      "native": false
    },
    {
      "column": 12,
      "file": "_stream_readable.js",
      "function": "endReadableNT",
      "line": 1045,
      "method": null,
      "native": false
    },
    {
      "column": 11,
      "file": "internal/process/next_tick.js",
      "function": "_combinedTickCallback",
      "line": 138,
      "method": null,
      "native": false
    },
    {
      "column": 9,
      "file": "internal/process/next_tick.js",
      "function": "process._tickDomainCallback",
      "line": 218,
      "method": "_tickDomainCallback",
      "native": false
    }
  ],
  "stack": [
    "SyntaxError: Unexpected token # in JSON at position 0",
    "    at JSON.parse (<anonymous>)",
    "    at createStrictSyntaxError (/Users/zengtiansheng/Documents/qtshe/gitStore/node-yqy/node_modules/_body-parser@1.18.2@body-parser/lib/types/json.js:157:10)",
    "    at parse (/Users/zengtiansheng/Documents/qtshe/gitStore/node-yqy/node_modules/_body-parser@1.18.2@body-parser/lib/types/json.js:83:15)",
    "    at /Users/zengtiansheng/Documents/qtshe/gitStore/node-yqy/node_modules/_body-parser@1.18.2@body-parser/lib/read.js:121:18",
    "    at invokeCallback (/Users/zengtiansheng/Documents/qtshe/gitStore/node-yqy/node_modules/_raw-body@2.3.2@raw-body/index.js:224:16)",
    "    at done (/Users/zengtiansheng/Documents/qtshe/gitStore/node-yqy/node_modules/_raw-body@2.3.2@raw-body/index.js:213:7)",
    "    at IncomingMessage.onEnd (/Users/zengtiansheng/Documents/qtshe/gitStore/node-yqy/node_modules/_raw-body@2.3.2@raw-body/index.js:273:7)",
    "    at emitNone (events.js:105:13)",
    "    at IncomingMessage.emit (events.js:207:7)",
    "    at endReadableNT (_stream_readable.js:1045:12)",
    "    at _combinedTickCallback (internal/process/next_tick.js:138:11)",
    "    at process._tickDomainCallback (internal/process/next_tick.js:218:9)"
  ],
  "req": {
    "url": "/v1/login",
    "headers": {
      "host": "localhost:8005",
      "connection": "keep-alive",
      "content-length": "147",
      "accept": "application/json",
      "cache-control": "no-cache",
      "origin": "chrome-extension://fhbjgbiflinjbdggehcddcbncdddomop",
      "user-agent": "Mozilla/5.0 (Macintosh; Intel Mac OS X 10_12_6) AppleWebKit/537.36 (KHTML, like Gecko) Chrome/62.0.3202.62 Safari/537.36",
      "postman-token": "05d3d3a9-3f29-4421-bd5b-e2a20b06f28f",
      "content-type": "application/json",
      "accept-encoding": "gzip, deflate, br",
      "accept-language": "zh-CN,zh;q=0.9"
    },
    "method": "POST",
    "httpVersion": "1.1",
    "originalUrl": "/v1/login",
    "query": {}
  },
  "level": "error",
  "message": "middlewareError"
}
SyntaxError: Unexpected token # in JSON at position 0
    at JSON.parse (<anonymous>)
    at createStrictSyntaxError (/Users/zengtiansheng/Documents/qtshe/gitStore/node-yqy/node_modules/_body-parser@1.18.2@body-parser/lib/types/json.js:157:10)
    at parse (/Users/zengtiansheng/Documents/qtshe/gitStore/node-yqy/node_modules/_body-parser@1.18.2@body-parser/lib/types/json.js:83:15)
    at /Users/zengtiansheng/Documents/qtshe/gitStore/node-yqy/node_modules/_body-parser@1.18.2@body-parser/lib/read.js:121:18
    at invokeCallback (/Users/zengtiansheng/Documents/qtshe/gitStore/node-yqy/node_modules/_raw-body@2.3.2@raw-body/index.js:224:16)
    at done (/Users/zengtiansheng/Documents/qtshe/gitStore/node-yqy/node_modules/_raw-body@2.3.2@raw-body/index.js:213:7)
    at IncomingMessage.onEnd (/Users/zengtiansheng/Documents/qtshe/gitStore/node-yqy/node_modules/_raw-body@2.3.2@raw-body/index.js:273:7)
    at emitNone (events.js:105:13)
    at IncomingMessage.emit (events.js:207:7)
    at endReadableNT (_stream_readable.js:1045:12)
    at _combinedTickCallback (internal/process/next_tick.js:138:11)
    at process._tickDomainCallback (internal/process/next_tick.js:218:9)
{
  "date": "Thu Oct 26 2017 00:19:00 GMT+0800 (CST)",
  "process": {
    "pid": 42665,
    "uid": 501,
    "gid": 20,
    "cwd": "/Users/zengtiansheng/Documents/qtshe/gitStore/node-yqy",
    "execPath": "/usr/local/bin/node",
    "version": "v8.2.1",
    "argv": [
      "/usr/local/bin/node",
      "/usr/local/lib/node_modules/pm2/lib/ProcessContainerFork.js"
    ],
    "memoryUsage": {
      "rss": 67866624,
      "heapTotal": 36167680,
      "heapUsed": 31098232,
      "external": 17865175
    }
  },
  "os": {
    "loadavg": [
      2.775390625,
      3.14599609375,
      4.63232421875
    ],
    "uptime": 30513
  },
  "trace": [
    {
      "column": null,
      "file": null,
      "function": "JSON.parse",
      "line": null,
      "method": "parse",
      "native": false
    },
    {
      "column": 10,
      "file": "/Users/zengtiansheng/Documents/qtshe/gitStore/node-yqy/node_modules/_body-parser@1.18.2@body-parser/lib/types/json.js",
      "function": "createStrictSyntaxError",
      "line": 157,
      "method": null,
      "native": false
    },
    {
      "column": 15,
      "file": "/Users/zengtiansheng/Documents/qtshe/gitStore/node-yqy/node_modules/_body-parser@1.18.2@body-parser/lib/types/json.js",
      "function": "parse",
      "line": 83,
      "method": null,
      "native": false
    },
    {
      "column": 18,
      "file": "/Users/zengtiansheng/Documents/qtshe/gitStore/node-yqy/node_modules/_body-parser@1.18.2@body-parser/lib/read.js",
      "function": null,
      "line": 121,
      "method": null,
      "native": false
    },
    {
      "column": 16,
      "file": "/Users/zengtiansheng/Documents/qtshe/gitStore/node-yqy/node_modules/_raw-body@2.3.2@raw-body/index.js",
      "function": "invokeCallback",
      "line": 224,
      "method": null,
      "native": false
    },
    {
      "column": 7,
      "file": "/Users/zengtiansheng/Documents/qtshe/gitStore/node-yqy/node_modules/_raw-body@2.3.2@raw-body/index.js",
      "function": "done",
      "line": 213,
      "method": null,
      "native": false
    },
    {
      "column": 7,
      "file": "/Users/zengtiansheng/Documents/qtshe/gitStore/node-yqy/node_modules/_raw-body@2.3.2@raw-body/index.js",
      "function": "IncomingMessage.onEnd",
      "line": 273,
      "method": "onEnd",
      "native": false
    },
    {
      "column": 13,
      "file": "events.js",
      "function": "emitNone",
      "line": 105,
      "method": null,
      "native": false
    },
    {
      "column": 7,
      "file": "events.js",
      "function": "IncomingMessage.emit",
      "line": 207,
      "method": "emit",
      "native": false
    },
    {
      "column": 12,
      "file": "_stream_readable.js",
      "function": "endReadableNT",
      "line": 1045,
      "method": null,
      "native": false
    },
    {
      "column": 11,
      "file": "internal/process/next_tick.js",
      "function": "_combinedTickCallback",
      "line": 138,
      "method": null,
      "native": false
    },
    {
      "column": 9,
      "file": "internal/process/next_tick.js",
      "function": "process._tickDomainCallback",
      "line": 218,
      "method": "_tickDomainCallback",
      "native": false
    }
  ],
  "stack": [
    "SyntaxError: Unexpected token # in JSON at position 0",
    "    at JSON.parse (<anonymous>)",
    "    at createStrictSyntaxError (/Users/zengtiansheng/Documents/qtshe/gitStore/node-yqy/node_modules/_body-parser@1.18.2@body-parser/lib/types/json.js:157:10)",
    "    at parse (/Users/zengtiansheng/Documents/qtshe/gitStore/node-yqy/node_modules/_body-parser@1.18.2@body-parser/lib/types/json.js:83:15)",
    "    at /Users/zengtiansheng/Documents/qtshe/gitStore/node-yqy/node_modules/_body-parser@1.18.2@body-parser/lib/read.js:121:18",
    "    at invokeCallback (/Users/zengtiansheng/Documents/qtshe/gitStore/node-yqy/node_modules/_raw-body@2.3.2@raw-body/index.js:224:16)",
    "    at done (/Users/zengtiansheng/Documents/qtshe/gitStore/node-yqy/node_modules/_raw-body@2.3.2@raw-body/index.js:213:7)",
    "    at IncomingMessage.onEnd (/Users/zengtiansheng/Documents/qtshe/gitStore/node-yqy/node_modules/_raw-body@2.3.2@raw-body/index.js:273:7)",
    "    at emitNone (events.js:105:13)",
    "    at IncomingMessage.emit (events.js:207:7)",
    "    at endReadableNT (_stream_readable.js:1045:12)",
    "    at _combinedTickCallback (internal/process/next_tick.js:138:11)",
    "    at process._tickDomainCallback (internal/process/next_tick.js:218:9)"
  ],
  "req": {
    "url": "/v1/login",
    "headers": {
      "host": "localhost:8005",
      "connection": "keep-alive",
      "content-length": "147",
      "accept": "application/json",
      "cache-control": "no-cache",
      "origin": "chrome-extension://fhbjgbiflinjbdggehcddcbncdddomop",
      "user-agent": "Mozilla/5.0 (Macintosh; Intel Mac OS X 10_12_6) AppleWebKit/537.36 (KHTML, like Gecko) Chrome/62.0.3202.62 Safari/537.36",
      "postman-token": "8a2c4582-c54a-7d1c-80d5-2d2551c68b46",
      "content-type": "application/json",
      "accept-encoding": "gzip, deflate, br",
      "accept-language": "zh-CN,zh;q=0.9"
    },
    "method": "POST",
    "httpVersion": "1.1",
    "originalUrl": "/v1/login",
    "query": {}
  },
  "level": "error",
  "message": "middlewareError"
}
SyntaxError: Unexpected token # in JSON at position 0
    at JSON.parse (<anonymous>)
    at createStrictSyntaxError (/Users/zengtiansheng/Documents/qtshe/gitStore/node-yqy/node_modules/_body-parser@1.18.2@body-parser/lib/types/json.js:157:10)
    at parse (/Users/zengtiansheng/Documents/qtshe/gitStore/node-yqy/node_modules/_body-parser@1.18.2@body-parser/lib/types/json.js:83:15)
    at /Users/zengtiansheng/Documents/qtshe/gitStore/node-yqy/node_modules/_body-parser@1.18.2@body-parser/lib/read.js:121:18
    at invokeCallback (/Users/zengtiansheng/Documents/qtshe/gitStore/node-yqy/node_modules/_raw-body@2.3.2@raw-body/index.js:224:16)
    at done (/Users/zengtiansheng/Documents/qtshe/gitStore/node-yqy/node_modules/_raw-body@2.3.2@raw-body/index.js:213:7)
    at IncomingMessage.onEnd (/Users/zengtiansheng/Documents/qtshe/gitStore/node-yqy/node_modules/_raw-body@2.3.2@raw-body/index.js:273:7)
    at emitNone (events.js:105:13)
    at IncomingMessage.emit (events.js:207:7)
    at endReadableNT (_stream_readable.js:1045:12)
    at _combinedTickCallback (internal/process/next_tick.js:138:11)
    at process._tickDomainCallback (internal/process/next_tick.js:218:9)
You have triggered an unhandledRejection, you may have forgotten to catch a Promise rejection:
TypeError: Cannot read property 'fetch' of undefined
    at /Users/zengtiansheng/Documents/qtshe/gitStore/node-yqy/controller/userInfo/userInfo.js:26:34
    at Generator.next (<anonymous>)
    at step (/Users/zengtiansheng/Documents/qtshe/gitStore/node-yqy/controller/userInfo/userInfo.js:17:191)
    at /Users/zengtiansheng/Documents/qtshe/gitStore/node-yqy/controller/userInfo/userInfo.js:17:437
    at Promise (<anonymous>)
    at /Users/zengtiansheng/Documents/qtshe/gitStore/node-yqy/controller/userInfo/userInfo.js:17:99
    at login (/Users/zengtiansheng/Documents/qtshe/gitStore/node-yqy/controller/userInfo/userInfo.js:13:32)
    at Layer.handle [as handle_request] (/Users/zengtiansheng/Documents/qtshe/gitStore/node-yqy/node_modules/_express@4.16.2@express/lib/router/layer.js:95:5)
    at next (/Users/zengtiansheng/Documents/qtshe/gitStore/node-yqy/node_modules/_express@4.16.2@express/lib/router/route.js:137:13)
    at Route.dispatch (/Users/zengtiansheng/Documents/qtshe/gitStore/node-yqy/node_modules/_express@4.16.2@express/lib/router/route.js:112:3)
    at Layer.handle [as handle_request] (/Users/zengtiansheng/Documents/qtshe/gitStore/node-yqy/node_modules/_express@4.16.2@express/lib/router/layer.js:95:5)
    at /Users/zengtiansheng/Documents/qtshe/gitStore/node-yqy/node_modules/_express@4.16.2@express/lib/router/index.js:281:22
    at Function.process_params (/Users/zengtiansheng/Documents/qtshe/gitStore/node-yqy/node_modules/_express@4.16.2@express/lib/router/index.js:335:12)
    at next (/Users/zengtiansheng/Documents/qtshe/gitStore/node-yqy/node_modules/_express@4.16.2@express/lib/router/index.js:275:10)
    at Function.handle (/Users/zengtiansheng/Documents/qtshe/gitStore/node-yqy/node_modules/_express@4.16.2@express/lib/router/index.js:174:3)
    at router (/Users/zengtiansheng/Documents/qtshe/gitStore/node-yqy/node_modules/_express@4.16.2@express/lib/router/index.js:47:12)
